<?xml version="1.0" encoding="UTF-8"?>
<testsuite name="org.neocoder.services.auth.ClaimsTest" tests="8" skipped="0" failures="0" errors="0" timestamp="2024-09-16T14:40:21" hostname="Laptop-DMF" time="0.028">
  <properties/>
  <testcase name="testIsNotIssuedFor()" classname="org.neocoder.services.auth.ClaimsTest" time="0.003"/>
  <testcase name="testIsExpired()" classname="org.neocoder.services.auth.ClaimsTest" time="0.002"/>
  <testcase name="testIsIssuedBy()" classname="org.neocoder.services.auth.ClaimsTest" time="0.002"/>
  <testcase name="testHasRole()" classname="org.neocoder.services.auth.ClaimsTest" time="0.002"/>
  <testcase name="testDoesNotHaveRole()" classname="org.neocoder.services.auth.ClaimsTest" time="0.001"/>
  <testcase name="testIsNotExpired()" classname="org.neocoder.services.auth.ClaimsTest" time="0.001"/>
  <testcase name="testIsIssuedFor()" classname="org.neocoder.services.auth.ClaimsTest" time="0.002"/>
  <testcase name="testIsNotIssuedBy()" classname="org.neocoder.services.auth.ClaimsTest" time="0.001"/>
  <system-out><![CDATA[]]></system-out>
  <system-err><![CDATA[]]></system-err>
</testsuite>
