<?xml version="1.0" encoding="UTF-8"?>
<testsuite name="org.neocoder.services.auth.TokenServiceTest" tests="2" skipped="0" failures="0" errors="0" timestamp="2024-09-16T14:40:21" hostname="Laptop-DMF" time="0.995">
  <properties/>
  <testcase name="testRefreshToken_ShouldReturnNewValidToken()" classname="org.neocoder.services.auth.TokenServiceTest" time="0.99"/>
  <testcase name="testGenerateToken_ShouldReturnNonNullToken()" classname="org.neocoder.services.auth.TokenServiceTest" time="0.003"/>
  <system-out><![CDATA[]]></system-out>
  <system-err><![CDATA[]]></system-err>
</testsuite>
