<?xml version="1.0" encoding="UTF-8"?>
<testsuite name="org.neocoder.services.auth.AuthServiceTest" tests="2" skipped="0" failures="0" errors="0" timestamp="2024-09-16T14:40:20" hostname="Laptop-DMF" time="0.687">
  <properties/>
  <testcase name="testComparePassword()" classname="org.neocoder.services.auth.AuthServiceTest" time="0.444"/>
  <testcase name="testHashPassword()" classname="org.neocoder.services.auth.AuthServiceTest" time="0.241"/>
  <system-out><![CDATA[]]></system-out>
  <system-err><![CDATA[]]></system-err>
</testsuite>
